[2018-06-08 22:47:08,312 - __console line:  58] - INFO: 创建谷歌浏览器对象成功!
[2018-06-08 22:47:08,322 - __console line:  58] - INFO: 创建浏览器对象成功!
[2018-06-08 22:47:11,438 - __console line:  58] - INFO: 打开http://localhost/admin.php?m=mgr/admin.login成功！
[2018-06-08 22:47:11,546 - __console line:  64] - ERROR: 定位元素admin失败！
[2018-06-08 22:47:11,888 - __console line:  58] - INFO: 截图方法调用---成功！
[2018-06-08 22:47:11,967 - __console line:  64] - ERROR: 定位元素admin失败！
[2018-06-08 22:47:12,257 - __console line:  58] - INFO: 截图方法调用---成功！
[2018-06-08 22:47:12,338 - __console line:  58] - INFO: 点击登录按钮成功！
[2018-06-08 22:47:18,285 - __console line:  58] - INFO: 截图方法调用---成功！
[2018-06-08 22:47:18,380 - __console line:  58] - INFO: 定位元素主题管理成功！
[2018-06-08 22:47:21,440 - __console line:  64] - ERROR: 定位元素切换到列表ifram失败！
[2018-06-08 22:47:21,789 - __console line:  58] - INFO: 截图方法调用---成功！
[2018-06-08 22:47:21,911 - __console line:  64] - ERROR: 定位元素添加主题按钮失败！
[2018-06-08 22:47:22,186 - __console line:  58] - INFO: 截图方法调用---成功！
[2018-06-08 22:47:23,532 - __console line:  58] - INFO: 截图方法调用---成功！
[2018-06-08 22:47:24,378 - __console line:  58] - INFO: 上传图片：D:\11.jpg成功！
[2018-06-08 22:47:24,486 - __console line:  58] - INFO: 滚动条拖动到底部！
[2018-06-08 22:47:27,953 - __console line:  58] - INFO: 关闭浏览器对象成功！
[2018-06-08 22:47:51,460 - __console line:  58] - INFO: 创建谷歌浏览器对象成功!
[2018-06-08 22:47:51,467 - __console line:  58] - INFO: 创建浏览器对象成功!
[2018-06-08 22:47:54,723 - __console line:  58] - INFO: 打开http://localhost/admin.php?m=mgr/admin.login成功！
[2018-06-08 22:47:54,845 - __console line:  58] - INFO: 输入用户名：admin成功！
[2018-06-08 22:47:54,959 - __console line:  58] - INFO: 输入密码：admin成功！
[2018-06-08 22:47:55,042 - __console line:  58] - INFO: 点击登录按钮成功！
[2018-06-08 22:48:03,783 - __console line:  58] - INFO: 关闭浏览器对象成功！
[2018-06-08 22:48:08,494 - __console line:  58] - INFO: 创建谷歌浏览器对象成功!
[2018-06-08 22:48:08,519 - __console line:  58] - INFO: 创建浏览器对象成功!
[2018-06-08 22:48:11,680 - __console line:  58] - INFO: 打开http://localhost/admin.php?m=mgr/admin.login成功！
[2018-06-08 22:48:11,769 - __console line:  58] - INFO: 输入用户名：成功！
[2018-06-08 22:48:11,862 - __console line:  58] - INFO: 输入密码：admin成功！
[2018-06-08 22:48:11,946 - __console line:  58] - INFO: 点击登录按钮成功！
[2018-06-08 22:48:16,875 - __console line:  58] - INFO: 关闭浏览器对象成功！
[2018-06-08 22:48:21,611 - __console line:  58] - INFO: 创建谷歌浏览器对象成功!
[2018-06-08 22:48:21,617 - __console line:  58] - INFO: 创建浏览器对象成功!
[2018-06-08 22:48:24,786 - __console line:  58] - INFO: 打开http://localhost/admin.php?m=mgr/admin.login成功！
[2018-06-08 22:48:24,881 - __console line:  58] - INFO: 输入用户名：admin成功！
[2018-06-08 22:48:24,950 - __console line:  58] - INFO: 输入密码：成功！
[2018-06-08 22:48:25,065 - __console line:  58] - INFO: 点击登录按钮成功！
[2018-06-08 22:48:29,940 - __console line:  58] - INFO: 关闭浏览器对象成功！
[2018-06-08 22:48:35,171 - __console line:  58] - INFO: 创建谷歌浏览器对象成功!
[2018-06-08 22:48:35,178 - __console line:  58] - INFO: 创建浏览器对象成功!
[2018-06-08 22:48:38,197 - __console line:  58] - INFO: 打开http://localhost/admin.php?m=mgr/admin.login成功！
[2018-06-08 22:48:38,303 - __console line:  58] - INFO: 输入用户名：admin1成功！
[2018-06-08 22:48:38,394 - __console line:  58] - INFO: 输入密码：admin成功！
[2018-06-08 22:48:38,483 - __console line:  58] - INFO: 点击登录按钮成功！
[2018-06-08 22:48:43,371 - __console line:  58] - INFO: 关闭浏览器对象成功！
[2018-06-08 22:48:48,094 - __console line:  58] - INFO: 创建谷歌浏览器对象成功!
[2018-06-08 22:48:48,102 - __console line:  58] - INFO: 创建浏览器对象成功!
[2018-06-08 22:48:51,262 - __console line:  58] - INFO: 打开http://localhost/admin.php?m=mgr/admin.login成功！
[2018-06-08 22:48:51,335 - __console line:  58] - INFO: 输入用户名：成功！
[2018-06-08 22:48:51,398 - __console line:  58] - INFO: 输入密码：成功！
[2018-06-08 22:48:51,471 - __console line:  58] - INFO: 点击登录按钮成功！
[2018-06-08 22:48:56,401 - __console line:  58] - INFO: 关闭浏览器对象成功！
[2018-06-08 22:49:01,378 - __console line:  58] - INFO: 创建谷歌浏览器对象成功!
[2018-06-08 22:49:01,385 - __console line:  58] - INFO: 创建浏览器对象成功!
[2018-06-08 22:49:04,361 - __console line:  58] - INFO: 打开http://localhost/admin.php?m=mgr/admin.login成功！
[2018-06-08 22:49:04,470 - __console line:  58] - INFO: 输入用户名：admin成功！
[2018-06-08 22:49:04,552 - __console line:  58] - INFO: 输入密码：admin成功！
[2018-06-08 22:49:04,648 - __console line:  58] - INFO: 点击登录按钮成功！
[2018-06-08 22:49:20,204 - __console line:  58] - INFO: 关闭浏览器对象成功！
[2018-06-08 22:49:25,091 - __console line:  58] - INFO: 创建谷歌浏览器对象成功!
[2018-06-08 22:49:25,098 - __console line:  58] - INFO: 创建浏览器对象成功!
[2018-06-08 22:49:28,398 - __console line:  58] - INFO: 打开http://localhost/admin.php?m=mgr/admin.login成功！
[2018-06-08 22:49:28,503 - __console line:  58] - INFO: 输入用户名：admin成功！
[2018-06-08 22:49:28,588 - __console line:  58] - INFO: 输入密码：admin成功！
[2018-06-08 22:49:28,673 - __console line:  58] - INFO: 点击登录按钮成功！
[2018-06-08 22:49:34,549 - __console line:  58] - INFO: 截图方法调用---成功！
[2018-06-08 22:49:34,654 - __console line:  58] - INFO: 定位元素主题管理成功！
[2018-06-08 22:49:37,724 - __console line:  64] - ERROR: 定位元素切换到列表ifram失败！
[2018-06-08 22:49:38,003 - __console line:  58] - INFO: 截图方法调用---成功！
[2018-06-08 22:49:38,117 - __console line:  64] - ERROR: 定位元素添加主题按钮失败！
[2018-06-08 22:49:38,404 - __console line:  58] - INFO: 截图方法调用---成功！
[2018-06-08 22:49:39,506 - __console line:  58] - INFO: 选择板块项目管理成功！
[2018-06-08 22:49:40,446 - __console line:  58] - INFO: 上传图片：D:\11.jpg成功！
[2018-06-08 22:49:40,625 - __console line:  58] - INFO: 滚动条拖动到底部！
[2018-06-08 22:49:44,042 - __console line:  58] - INFO: 关闭浏览器对象成功！
[2018-06-08 22:52:19,180 - __console line:  58] - INFO: 创建谷歌浏览器对象成功!
[2018-06-08 22:52:19,196 - __console line:  58] - INFO: 创建浏览器对象成功!
[2018-06-08 22:52:22,213 - __console line:  58] - INFO: 打开http://localhost/admin.php?m=mgr/admin.login成功！
[2018-06-08 22:52:22,312 - __console line:  58] - INFO: 输入用户名：admin成功！
[2018-06-08 22:52:22,394 - __console line:  58] - INFO: 输入密码：admin成功！
[2018-06-08 22:52:22,483 - __console line:  58] - INFO: 点击登录按钮成功！
[2018-06-08 22:52:31,280 - __console line:  58] - INFO: 关闭浏览器对象成功！
[2018-06-08 22:52:36,157 - __console line:  58] - INFO: 创建谷歌浏览器对象成功!
[2018-06-08 22:52:36,164 - __console line:  58] - INFO: 创建浏览器对象成功!
[2018-06-08 22:52:39,753 - __console line:  58] - INFO: 打开http://localhost/admin.php?m=mgr/admin.login成功！
[2018-06-08 22:52:39,849 - __console line:  58] - INFO: 输入用户名：成功！
[2018-06-08 22:52:39,941 - __console line:  58] - INFO: 输入密码：admin成功！
[2018-06-08 22:52:40,012 - __console line:  58] - INFO: 点击登录按钮成功！
[2018-06-08 22:52:44,888 - __console line:  58] - INFO: 关闭浏览器对象成功！
[2018-06-08 22:52:49,917 - __console line:  58] - INFO: 创建谷歌浏览器对象成功!
[2018-06-08 22:52:49,927 - __console line:  58] - INFO: 创建浏览器对象成功!
[2018-06-08 22:52:53,206 - __console line:  58] - INFO: 打开http://localhost/admin.php?m=mgr/admin.login成功！
[2018-06-08 22:52:53,301 - __console line:  58] - INFO: 输入用户名：admin成功！
[2018-06-08 22:52:53,361 - __console line:  58] - INFO: 输入密码：成功！
[2018-06-08 22:52:53,461 - __console line:  58] - INFO: 点击登录按钮成功！
[2018-06-08 22:52:58,372 - __console line:  58] - INFO: 关闭浏览器对象成功！
[2018-06-08 22:53:03,209 - __console line:  58] - INFO: 创建谷歌浏览器对象成功!
[2018-06-08 22:53:03,236 - __console line:  58] - INFO: 创建浏览器对象成功!
[2018-06-08 22:53:06,315 - __console line:  58] - INFO: 打开http://localhost/admin.php?m=mgr/admin.login成功！
[2018-06-08 22:53:06,420 - __console line:  58] - INFO: 输入用户名：admin1成功！
[2018-06-08 22:53:06,493 - __console line:  58] - INFO: 输入密码：admin成功！
[2018-06-08 22:53:06,568 - __console line:  58] - INFO: 点击登录按钮成功！
[2018-06-08 22:53:11,657 - __console line:  58] - INFO: 关闭浏览器对象成功！
[2018-06-08 22:53:16,592 - __console line:  58] - INFO: 创建谷歌浏览器对象成功!
[2018-06-08 22:53:16,598 - __console line:  58] - INFO: 创建浏览器对象成功!
[2018-06-08 22:53:19,601 - __console line:  58] - INFO: 打开http://localhost/admin.php?m=mgr/admin.login成功！
[2018-06-08 22:53:19,697 - __console line:  58] - INFO: 输入用户名：成功！
[2018-06-08 22:53:19,763 - __console line:  58] - INFO: 输入密码：成功！
[2018-06-08 22:53:19,835 - __console line:  58] - INFO: 点击登录按钮成功！
[2018-06-08 22:53:24,727 - __console line:  58] - INFO: 关闭浏览器对象成功！
[2018-06-08 22:53:29,881 - __console line:  58] - INFO: 创建谷歌浏览器对象成功!
[2018-06-08 22:53:29,907 - __console line:  58] - INFO: 创建浏览器对象成功!
[2018-06-08 22:53:33,862 - __console line:  58] - INFO: 打开http://localhost/admin.php?m=mgr/admin.login成功！
[2018-06-08 22:53:33,970 - __console line:  58] - INFO: 输入用户名：admin成功！
[2018-06-08 22:53:34,056 - __console line:  58] - INFO: 输入密码：admin成功！
[2018-06-08 22:53:34,154 - __console line:  58] - INFO: 点击登录按钮成功！
[2018-06-08 22:53:50,137 - __console line:  58] - INFO: 关闭浏览器对象成功！
[2018-06-08 22:53:55,467 - __console line:  58] - INFO: 创建谷歌浏览器对象成功!
[2018-06-08 22:53:55,480 - __console line:  58] - INFO: 创建浏览器对象成功!
[2018-06-08 22:53:59,430 - __console line:  58] - INFO: 打开http://localhost/admin.php?m=mgr/admin.login成功！
[2018-06-08 22:53:59,536 - __console line:  58] - INFO: 输入用户名：admin成功！
[2018-06-08 22:53:59,617 - __console line:  58] - INFO: 输入密码：admin成功！
[2018-06-08 22:53:59,720 - __console line:  58] - INFO: 点击登录按钮成功！
[2018-06-08 22:54:05,604 - __console line:  58] - INFO: 截图方法调用---成功！
[2018-06-08 22:54:05,773 - __console line:  58] - INFO: 定位元素主题管理成功！
[2018-06-08 22:54:08,872 - __console line:  64] - ERROR: 定位元素切换到列表ifram失败！
[2018-06-08 22:54:09,194 - __console line:  58] - INFO: 截图方法调用---成功！
[2018-06-08 22:54:09,301 - __console line:  64] - ERROR: 定位元素添加主题按钮失败！
[2018-06-08 22:54:09,585 - __console line:  58] - INFO: 截图方法调用---成功！
[2018-06-08 22:54:11,336 - __console line:  58] - INFO: 选择板块项目管理成功！
[2018-06-08 22:54:12,319 - __console line:  58] - INFO: 上传图片：D:\11.jpg成功！
[2018-06-08 22:54:12,440 - __console line:  58] - INFO: 滚动条拖动到底部！
[2018-06-08 22:54:15,927 - __console line:  58] - INFO: 关闭浏览器对象成功！
