[2018-06-09 11:34:50,424 - __console line:  58] - INFO: 创建谷歌浏览器对象成功!
[2018-06-09 11:34:50,430 - __console line:  58] - INFO: 创建浏览器对象成功!
[2018-06-09 11:34:53,612 - __console line:  58] - INFO: 打开http://localhost/admin.php?m=mgr/admin.login成功！
[2018-06-09 11:34:53,721 - __console line:  58] - INFO: 输入用户名：admin成功！
[2018-06-09 11:34:53,815 - __console line:  58] - INFO: 输入密码：admin成功！
[2018-06-09 11:34:53,894 - __console line:  58] - INFO: 点击登录按钮成功！
[2018-06-09 11:35:02,440 - __console line:  58] - INFO: 关闭浏览器对象成功！
[2018-06-09 11:35:07,319 - __console line:  58] - INFO: 创建谷歌浏览器对象成功!
[2018-06-09 11:35:07,325 - __console line:  58] - INFO: 创建浏览器对象成功!
[2018-06-09 11:35:10,756 - __console line:  58] - INFO: 打开http://localhost/admin.php?m=mgr/admin.login成功！
[2018-06-09 11:35:10,839 - __console line:  58] - INFO: 输入用户名：成功！
[2018-06-09 11:35:10,921 - __console line:  58] - INFO: 输入密码：admin成功！
[2018-06-09 11:35:11,007 - __console line:  58] - INFO: 点击登录按钮成功！
[2018-06-09 11:35:15,927 - __console line:  58] - INFO: 关闭浏览器对象成功！
[2018-06-09 11:35:20,601 - __console line:  58] - INFO: 创建谷歌浏览器对象成功!
[2018-06-09 11:35:20,608 - __console line:  58] - INFO: 创建浏览器对象成功!
[2018-06-09 11:35:23,917 - __console line:  58] - INFO: 打开http://localhost/admin.php?m=mgr/admin.login成功！
[2018-06-09 11:35:24,017 - __console line:  58] - INFO: 输入用户名：admin成功！
[2018-06-09 11:35:24,081 - __console line:  58] - INFO: 输入密码：成功！
[2018-06-09 11:35:24,148 - __console line:  58] - INFO: 点击登录按钮成功！
[2018-06-09 11:35:29,157 - __console line:  58] - INFO: 关闭浏览器对象成功！
[2018-06-09 11:35:34,076 - __console line:  58] - INFO: 创建谷歌浏览器对象成功!
[2018-06-09 11:35:34,085 - __console line:  58] - INFO: 创建浏览器对象成功!
[2018-06-09 11:35:37,319 - __console line:  58] - INFO: 打开http://localhost/admin.php?m=mgr/admin.login成功！
[2018-06-09 11:35:37,438 - __console line:  58] - INFO: 输入用户名：admin1成功！
[2018-06-09 11:35:37,519 - __console line:  58] - INFO: 输入密码：admin成功！
[2018-06-09 11:35:37,595 - __console line:  58] - INFO: 点击登录按钮成功！
[2018-06-09 11:35:42,605 - __console line:  58] - INFO: 关闭浏览器对象成功！
[2018-06-09 11:35:47,448 - __console line:  58] - INFO: 创建谷歌浏览器对象成功!
[2018-06-09 11:35:47,453 - __console line:  58] - INFO: 创建浏览器对象成功!
[2018-06-09 11:35:50,670 - __console line:  58] - INFO: 打开http://localhost/admin.php?m=mgr/admin.login成功！
[2018-06-09 11:35:50,756 - __console line:  58] - INFO: 输入用户名：成功！
[2018-06-09 11:35:50,832 - __console line:  58] - INFO: 输入密码：成功！
[2018-06-09 11:35:50,901 - __console line:  58] - INFO: 点击登录按钮成功！
[2018-06-09 11:35:55,848 - __console line:  58] - INFO: 关闭浏览器对象成功！
[2018-06-09 11:36:00,670 - __console line:  58] - INFO: 创建谷歌浏览器对象成功!
[2018-06-09 11:36:00,677 - __console line:  58] - INFO: 创建浏览器对象成功!
[2018-06-09 11:36:03,901 - __console line:  58] - INFO: 打开http://localhost/admin.php?m=mgr/admin.login成功！
[2018-06-09 11:36:03,992 - __console line:  58] - INFO: 输入用户名：admin成功！
[2018-06-09 11:36:04,075 - __console line:  58] - INFO: 输入密码：admin成功！
[2018-06-09 11:36:04,147 - __console line:  58] - INFO: 点击登录按钮成功！
[2018-06-09 11:36:19,536 - __console line:  58] - INFO: 关闭浏览器对象成功！
[2018-06-09 11:36:24,226 - __console line:  58] - INFO: 创建谷歌浏览器对象成功!
[2018-06-09 11:36:24,243 - __console line:  58] - INFO: 创建浏览器对象成功!
[2018-06-09 11:36:27,607 - __console line:  58] - INFO: 打开http://localhost/admin.php?m=mgr/admin.login成功！
[2018-06-09 11:36:27,732 - __console line:  58] - INFO: 输入用户名：admin成功！
[2018-06-09 11:36:27,819 - __console line:  58] - INFO: 输入密码：admin成功！
[2018-06-09 11:36:27,898 - __console line:  58] - INFO: 点击登录按钮成功！
[2018-06-09 11:36:33,648 - __console line:  58] - INFO: 截图方法调用---成功！
[2018-06-09 11:36:33,654 - __console line:  58] - INFO: 定位元素社区菜单成功！
[2018-06-09 11:36:33,766 - __console line:  58] - INFO: 定位元素主题管理成功！
[2018-06-09 11:36:36,831 - __console line:  64] - ERROR: 定位元素切换到列表的ifram失败！
[2018-06-09 11:36:37,127 - __console line:  58] - INFO: 截图方法调用---成功！
[2018-06-09 11:36:37,233 - __console line:  64] - ERROR: 定位元素添加主题按钮失败！
[2018-06-09 11:36:37,533 - __console line:  58] - INFO: 截图方法调用---成功！
[2018-06-09 11:36:48,970 - __console line:  58] - INFO: 截图方法调用---成功！
[2018-06-09 11:36:49,072 - __console line:  58] - INFO: 输入标题：新的标题成功！
[2018-06-09 11:36:50,032 - __console line:  58] - INFO: 滚动条拖动到底部！
[2018-06-09 11:36:53,447 - __console line:  58] - INFO: 关闭浏览器对象成功！
